<?xml version="1.0" encoding="UTF-8"?>
<!-- Generated by org.testng.reporters.JUnitReportReporter -->
<testsuite hostname="DESKTOP-ANUJLCF" failures="0" tests="1" name="scripts.TestCase1" time="46.609" errors="0" timestamp="2023-09-06T11:17:40 IST" skipped="0">
  <testcase classname="scripts.TestCase1" name="TC1" time="46.609"/>
</testsuite> <!-- scripts.TestCase1 -->
